<?xml version="1.0" encoding="utf-8"?><testsuites name="pytest tests"><testsuite name="pytest" errors="0" failures="0" skipped="0" tests="26" time="7.538" timestamp="2026-06-01T23:00:06.393359+00:00" hostname="agent-env-cc515d14-9243-4c85-a03f-842601707886"><testcase classname="tests.test_corn_club_api.TestHealth" name="test_root" time="0.288" /><testcase classname="tests.test_corn_club_api.TestAuth" name="test_login_success" time="0.579" /><testcase classname="tests.test_corn_club_api.TestAuth" name="test_me_with_token" time="0.071" /><testcase classname="tests.test_corn_club_api.TestAuth" name="test_me_without_token" time="0.060" /><testcase classname="tests.test_corn_club_api.TestAuth" name="test_duplicate_register" time="0.054" /><testcase classname="tests.test_corn_club_api.TestAuth" name="test_login_wrong_password" time="0.271" /><testcase classname="tests.test_corn_club_api.TestAuth" name="test_protected_requires_auth" time="0.216" /><testcase classname="tests.test_corn_club_api.TestOnboardingBalances" name="test_onboarding" time="0.103" /><testcase classname="tests.test_corn_club_api.TestOnboardingBalances" name="test_balances" time="0.069" /><testcase classname="tests.test_corn_club_api.TestTransactions" name="test_create_transaction" time="0.061" /><testcase classname="tests.test_corn_club_api.TestTransactions" name="test_create_income" time="0.055" /><testcase classname="tests.test_corn_club_api.TestTransactions" name="test_list_transactions" time="0.048" /><testcase classname="tests.test_corn_club_api.TestTransactions" name="test_delete_transaction" time="0.097" /><testcase classname="tests.test_corn_club_api.TestTransactions" name="test_delete_nonexistent_transaction" time="0.049" /><testcase classname="tests.test_corn_club_api.TestGoals" name="test_create_goal" time="0.058" /><testcase classname="tests.test_corn_club_api.TestGoals" name="test_list_goals" time="0.049" /><testcase classname="tests.test_corn_club_api.TestGoals" name="test_update_goal" time="0.052" /><testcase classname="tests.test_corn_club_api.TestGoals" name="test_goal_projection_no_savings" time="0.058" /><testcase classname="tests.test_corn_club_api.TestGoals" name="test_delete_goal" time="0.096" /><testcase classname="tests.test_corn_club_api.TestHoldings" name="test_create_holding" time="0.194" /><testcase classname="tests.test_corn_club_api.TestHoldings" name="test_list_holdings" time="0.140" /><testcase classname="tests.test_corn_club_api.TestHoldings" name="test_delete_holding" time="0.052" /><testcase classname="tests.test_corn_club_api.TestAI" name="test_ai_chat" time="2.263" /><testcase classname="tests.test_corn_club_api.TestAI" name="test_ai_chat_history" time="0.555" /><testcase classname="tests.test_corn_club_api.TestAI" name="test_ai_suggest_investments" time="1.535" /><testcase classname="tests.test_corn_club_api.TestAI" name="test_goal_projection_with_income" time="0.278" /></testsuite></testsuites>